<?xml version="1.0" encoding="UTF-8"?>
<!-- Generated by org.testng.reporters.JUnitXMLReporter -->
<testsuite ignored="0" hostname="DESKTOP-AELALK6" failures="0" tests="4" name="Test1" time="134.457" errors="0" timestamp="2023-03-12T20:44:29 IST">
  <testcase classname="testcases.LoginTest" name="LogiFailureTest" time="18.57"/>
  <testcase classname="testcases.LoginTest" name="LoginSuccessTest" time="17.484"/>
  <testcase classname="testcases.LoginTest" name="excelTestData" time="16.796"/>
  <testcase classname="testcases.LoginTest" name="paramTest" time="17.666"/>
</testsuite> <!-- Test1 -->
