<?xml version="1.0" encoding="UTF-8"?>
<testng-results ignored="0" total="4" passed="4" failed="0" skipped="0">
  <reporter-output>
  </reporter-output>
  <suite started-at="2023-03-12T20:42:15 IST" name="Suite" finished-at="2023-03-12T20:44:29 IST" duration-ms="134457">
    <groups>
    </groups>
    <test started-at="2023-03-12T20:42:15 IST" name="Test1" finished-at="2023-03-12T20:44:29 IST" duration-ms="134457">
      <class name="testcases.LoginTest">
        <test-method is-config="true" signature="testData()[pri:0, instance:testcases.LoginTest@4686afc2]" started-at="2023-03-12T20:42:15 IST" name="testData" finished-at="2023-03-12T20:42:18 IST" duration-ms="3081" status="PASS">
          <reporter-output>
          </reporter-output>
        </test-method> <!-- testData -->
        <test-method is-config="true" signature="SetUp()[pri:0, instance:testcases.LoginTest@4686afc2]" started-at="2023-03-12T20:42:18 IST" name="SetUp" finished-at="2023-03-12T20:42:35 IST" duration-ms="16759" status="PASS">
          <reporter-output>
          </reporter-output>
        </test-method> <!-- SetUp -->
        <test-method signature="LogiFailureTest()[pri:0, instance:testcases.LoginTest@4686afc2]" started-at="2023-03-12T20:42:35 IST" name="LogiFailureTest" finished-at="2023-03-12T20:42:53 IST" duration-ms="18570" status="PASS">
          <reporter-output>
          </reporter-output>
        </test-method> <!-- LogiFailureTest -->
        <test-method is-config="true" signature="QuitBrowser()[pri:0, instance:testcases.LoginTest@4686afc2]" started-at="2023-03-12T20:42:53 IST" name="QuitBrowser" finished-at="2023-03-12T20:42:56 IST" duration-ms="2731" status="PASS">
          <reporter-output>
          </reporter-output>
        </test-method> <!-- QuitBrowser -->
        <test-method is-config="true" signature="SetUp()[pri:0, instance:testcases.LoginTest@4686afc2]" started-at="2023-03-12T20:42:56 IST" name="SetUp" finished-at="2023-03-12T20:43:07 IST" duration-ms="10530" status="PASS">
          <reporter-output>
          </reporter-output>
        </test-method> <!-- SetUp -->
        <test-method signature="LoginSuccessTest()[pri:0, instance:testcases.LoginTest@4686afc2]" started-at="2023-03-12T20:43:07 IST" name="LoginSuccessTest" finished-at="2023-03-12T20:43:24 IST" duration-ms="17484" status="PASS">
          <reporter-output>
          </reporter-output>
        </test-method> <!-- LoginSuccessTest -->
        <test-method is-config="true" signature="QuitBrowser()[pri:0, instance:testcases.LoginTest@4686afc2]" started-at="2023-03-12T20:43:24 IST" name="QuitBrowser" finished-at="2023-03-12T20:43:27 IST" duration-ms="2689" status="PASS">
          <reporter-output>
          </reporter-output>
        </test-method> <!-- QuitBrowser -->
        <test-method is-config="true" signature="SetUp()[pri:0, instance:testcases.LoginTest@4686afc2]" started-at="2023-03-12T20:43:27 IST" name="SetUp" finished-at="2023-03-12T20:43:36 IST" duration-ms="8948" status="PASS">
          <reporter-output>
          </reporter-output>
        </test-method> <!-- SetUp -->
        <test-method signature="excelTestData()[pri:0, instance:testcases.LoginTest@4686afc2]" started-at="2023-03-12T20:43:36 IST" name="excelTestData" finished-at="2023-03-12T20:43:52 IST" duration-ms="16796" status="PASS">
          <reporter-output>
          </reporter-output>
        </test-method> <!-- excelTestData -->
        <test-method is-config="true" signature="QuitBrowser()[pri:0, instance:testcases.LoginTest@4686afc2]" started-at="2023-03-12T20:43:52 IST" name="QuitBrowser" finished-at="2023-03-12T20:43:55 IST" duration-ms="2585" status="PASS">
          <reporter-output>
          </reporter-output>
        </test-method> <!-- QuitBrowser -->
        <test-method is-config="true" signature="SetUp()[pri:0, instance:testcases.LoginTest@4686afc2]" started-at="2023-03-12T20:43:55 IST" name="SetUp" finished-at="2023-03-12T20:44:05 IST" duration-ms="10426" status="PASS">
          <reporter-output>
          </reporter-output>
        </test-method> <!-- SetUp -->
        <test-method signature="paramTest(java.lang.String,java.lang.String)[pri:0, instance:testcases.LoginTest@4686afc2]" started-at="2023-03-12T20:44:05 IST" name="paramTest" finished-at="2023-03-12T20:44:23 IST" duration-ms="17666" status="PASS">
          <params>
            <param index="0">
              <value>
                <![CDATA[prasad@gmail.com]]>
              </value>
            </param>
            <param index="1">
              <value>
                <![CDATA[Test!2345]]>
              </value>
            </param>
          </params>
          <reporter-output>
          </reporter-output>
        </test-method> <!-- paramTest -->
        <test-method is-config="true" signature="QuitBrowser()[pri:0, instance:testcases.LoginTest@4686afc2]" started-at="2023-03-12T20:44:23 IST" name="QuitBrowser" finished-at="2023-03-12T20:44:27 IST" duration-ms="4222" status="PASS">
          <reporter-output>
          </reporter-output>
        </test-method> <!-- QuitBrowser -->
        <test-method is-config="true" signature="dataclose()[pri:0, instance:testcases.LoginTest@4686afc2]" started-at="2023-03-12T20:44:27 IST" name="dataclose" finished-at="2023-03-12T20:44:29 IST" duration-ms="1752" status="PASS">
          <reporter-output>
          </reporter-output>
        </test-method> <!-- dataclose -->
      </class> <!-- testcases.LoginTest -->
    </test> <!-- Test1 -->
  </suite> <!-- Suite -->
</testng-results>
